18-Dec-2024 12:08:07.421 INFO [main] org.apache.catalina.startup.VersionLoggerListener.log Server version name:   Apache Tomcat/9.0.38
18-Dec-2024 12:08:07.426 INFO [main] org.apache.catalina.startup.VersionLoggerListener.log Server built:          Sep 10 2020 08:20:30 UTC
18-Dec-2024 12:08:07.426 INFO [main] org.apache.catalina.startup.VersionLoggerListener.log Server version number: 9.0.38.0
18-Dec-2024 12:08:07.426 INFO [main] org.apache.catalina.startup.VersionLoggerListener.log OS Name:               Windows 10
18-Dec-2024 12:08:07.426 INFO [main] org.apache.catalina.startup.VersionLoggerListener.log OS Version:            10.0
18-Dec-2024 12:08:07.426 INFO [main] org.apache.catalina.startup.VersionLoggerListener.log Architecture:          amd64
18-Dec-2024 12:08:07.426 INFO [main] org.apache.catalina.startup.VersionLoggerListener.log Java Home:             C:\Program Files\Java\jdk1.8.0_261\jre
18-Dec-2024 12:08:07.426 INFO [main] org.apache.catalina.startup.VersionLoggerListener.log JVM Version:           1.8.0_261-b12
18-Dec-2024 12:08:07.427 INFO [main] org.apache.catalina.startup.VersionLoggerListener.log JVM Vendor:            Oracle Corporation
18-Dec-2024 12:08:07.427 INFO [main] org.apache.catalina.startup.VersionLoggerListener.log CATALINA_BASE:         C:\Users\HP\Desktop\MEGHAM\Xworkz_CommonModule_Megha
18-Dec-2024 12:08:07.427 INFO [main] org.apache.catalina.startup.VersionLoggerListener.log CATALINA_HOME:         C:\Users\HP\Downloads\tomcat\apache-tomcat-9.0.38
18-Dec-2024 12:08:07.429 INFO [main] org.apache.catalina.startup.VersionLoggerListener.log Command line argument: -Dcatalina.home=C:\Users\HP\Downloads\tomcat\apache-tomcat-9.0.38
18-Dec-2024 12:08:07.430 INFO [main] org.apache.catalina.startup.VersionLoggerListener.log Command line argument: -Dcatalina.base=C:\Users\HP\Desktop\MEGHAM\Xworkz_CommonModule_Megha
18-Dec-2024 12:08:07.430 INFO [main] org.apache.catalina.startup.VersionLoggerListener.log Command line argument: -Djava.io.tmpdir=C:\Users\HP\Desktop\MEGHAM\Xworkz_CommonModule_Megha\temp
18-Dec-2024 12:08:07.430 INFO [main] org.apache.catalina.startup.VersionLoggerListener.log Command line argument: -Djava.util.logging.config.file=C:\Users\HP\Desktop\MEGHAM\Xworkz_CommonModule_Megha\conf\logging.properties
18-Dec-2024 12:08:07.430 INFO [main] org.apache.catalina.startup.VersionLoggerListener.log Command line argument: -Djava.util.logging.manager=org.apache.juli.ClassLoaderLogManager
18-Dec-2024 12:08:07.430 INFO [main] org.apache.catalina.startup.VersionLoggerListener.log Command line argument: -javaagent:C:\Program Files\JetBrains\IntelliJ IDEA Community Edition 2024.3\lib\idea_rt.jar=50106:C:\Program Files\JetBrains\IntelliJ IDEA Community Edition 2024.3\bin
18-Dec-2024 12:08:07.430 INFO [main] org.apache.catalina.startup.VersionLoggerListener.log Command line argument: -Dfile.encoding=UTF-8
18-Dec-2024 12:08:07.435 INFO [main] org.apache.catalina.core.AprLifecycleListener.lifecycleEvent Loaded Apache Tomcat Native library [1.2.25] using APR version [1.7.0].
18-Dec-2024 12:08:07.436 INFO [main] org.apache.catalina.core.AprLifecycleListener.lifecycleEvent APR capabilities: IPv6 [true], sendfile [true], accept filters [false], random [true].
18-Dec-2024 12:08:07.436 INFO [main] org.apache.catalina.core.AprLifecycleListener.lifecycleEvent APR/OpenSSL configuration: useAprConnector [false], useOpenSSL [true]
18-Dec-2024 12:08:07.445 INFO [main] org.apache.catalina.core.AprLifecycleListener.initializeSSL OpenSSL successfully initialized [OpenSSL 1.1.1g  21 Apr 2020]
18-Dec-2024 12:08:08.006 INFO [main] org.apache.coyote.AbstractProtocol.init Initializing ProtocolHandler ["http-nio-8080"]
18-Dec-2024 12:08:08.470 INFO [main] org.apache.catalina.startup.Catalina.load Server initialization in [1442] milliseconds
18-Dec-2024 12:08:08.538 INFO [main] org.apache.catalina.core.StandardService.startInternal Starting service [Catalina]
18-Dec-2024 12:08:08.541 INFO [main] org.apache.catalina.core.StandardEngine.startInternal Starting Servlet engine: [Apache Tomcat/9.0.38]
18-Dec-2024 12:08:08.589 INFO [main] org.apache.catalina.startup.HostConfig.deployDescriptor Deploying deployment descriptor [C:\Users\HP\Desktop\MEGHAM\Xworkz_CommonModule_Megha\conf\Catalina\localhost\Xworkz_CommonModule_Megha.xml]
18-Dec-2024 12:08:14.918 INFO [main] org.apache.jasper.servlet.TldScanner.scanJars At least one JAR was scanned for TLDs yet contained no TLDs. Enable debug logging for this logger for a complete list of JARs that were scanned but no TLDs were found in them. Skipping unneeded JARs during scanning can improve startup time and JSP compilation time.
18-Dec-2024 12:08:17.242 INFO [main] org.hibernate.jpa.internal.util.LogHelper.logPersistenceUnitInformation HHH000204: Processing PersistenceUnitInfo [
	name: default
	...]
18-Dec-2024 12:08:17.673 INFO [main] org.hibernate.Version.logVersion HHH000412: Hibernate Core {5.3.36.Final}
18-Dec-2024 12:08:17.677 INFO [main] org.hibernate.cfg.Environment.<clinit> HHH000206: hibernate.properties not found
18-Dec-2024 12:08:18.489 INFO [main] org.hibernate.annotations.common.reflection.java.JavaReflectionManager.<clinit> HCANN000001: Hibernate Commons Annotations {5.0.5.Final}
18-Dec-2024 12:08:20.460 INFO [main] org.hibernate.dialect.Dialect.<init> HHH000400: Using dialect: org.hibernate.dialect.MySQL8Dialect
18-Dec-2024 12:08:21.576 INFO [main] org.apache.catalina.startup.HostConfig.deployDescriptor Deployment of deployment descriptor [C:\Users\HP\Desktop\MEGHAM\Xworkz_CommonModule_Megha\conf\Catalina\localhost\Xworkz_CommonModule_Megha.xml] has finished in [12,986] ms
18-Dec-2024 12:08:21.581 INFO [main] org.apache.coyote.AbstractProtocol.start Starting ProtocolHandler ["http-nio-8080"]
18-Dec-2024 12:08:21.591 INFO [main] org.apache.catalina.startup.Catalina.start Server startup in [13120] milliseconds
18-Dec-2024 12:10:24.430 INFO [http-nio-8080-exec-7] org.hibernate.jpa.internal.util.LogHelper.logPersistenceUnitInformation HHH000204: Processing PersistenceUnitInfo [
	name: default
	...]
18-Dec-2024 12:10:24.547 INFO [http-nio-8080-exec-7] org.hibernate.dialect.Dialect.<init> HHH000400: Using dialect: org.hibernate.dialect.MySQL8Dialect
18-Dec-2024 12:12:10.302 INFO [Thread-4] org.apache.coyote.AbstractProtocol.pause Pausing ProtocolHandler ["http-nio-8080"]
18-Dec-2024 12:12:10.729 INFO [Thread-4] org.apache.catalina.core.StandardService.stopInternal Stopping service [Catalina]
18-Dec-2024 12:12:10.742 WARNING [Thread-4] org.apache.catalina.loader.WebappClassLoaderBase.clearReferencesJdbc The web application [Xworkz_CommonModule_Megha] registered the JDBC driver [com.mysql.cj.jdbc.Driver] but failed to unregister it when the web application was stopped. To prevent a memory leak, the JDBC Driver has been forcibly unregistered.
18-Dec-2024 12:12:10.743 WARNING [Thread-4] org.apache.catalina.loader.WebappClassLoaderBase.clearReferencesThreads The web application [Xworkz_CommonModule_Megha] appears to have started a thread named [mysql-cj-abandoned-connection-cleanup] but has failed to stop it. This is very likely to create a memory leak. Stack trace of thread:
 java.lang.Object.wait(Native Method)
 java.lang.ref.ReferenceQueue.remove(ReferenceQueue.java:144)
 com.mysql.cj.jdbc.AbandonedConnectionCleanupThread.run(AbandonedConnectionCleanupThread.java:93)
 java.util.concurrent.ThreadPoolExecutor.runWorker(ThreadPoolExecutor.java:1149)
 java.util.concurrent.ThreadPoolExecutor$Worker.run(ThreadPoolExecutor.java:624)
 java.lang.Thread.run(Thread.java:748)
18-Dec-2024 12:12:10.749 INFO [Thread-4] org.apache.coyote.AbstractProtocol.stop Stopping ProtocolHandler ["http-nio-8080"]
18-Dec-2024 12:12:10.785 INFO [Thread-4] org.apache.coyote.AbstractProtocol.destroy Destroying ProtocolHandler ["http-nio-8080"]
18-Dec-2024 12:12:20.279 INFO [main] org.apache.catalina.startup.VersionLoggerListener.log Server version name:   Apache Tomcat/9.0.38
18-Dec-2024 12:12:20.286 INFO [main] org.apache.catalina.startup.VersionLoggerListener.log Server built:          Sep 10 2020 08:20:30 UTC
18-Dec-2024 12:12:20.286 INFO [main] org.apache.catalina.startup.VersionLoggerListener.log Server version number: 9.0.38.0
18-Dec-2024 12:12:20.290 INFO [main] org.apache.catalina.startup.VersionLoggerListener.log OS Name:               Windows 10
18-Dec-2024 12:12:20.290 INFO [main] org.apache.catalina.startup.VersionLoggerListener.log OS Version:            10.0
18-Dec-2024 12:12:20.290 INFO [main] org.apache.catalina.startup.VersionLoggerListener.log Architecture:          amd64
18-Dec-2024 12:12:20.291 INFO [main] org.apache.catalina.startup.VersionLoggerListener.log Java Home:             C:\Program Files\Java\jdk1.8.0_261\jre
18-Dec-2024 12:12:20.291 INFO [main] org.apache.catalina.startup.VersionLoggerListener.log JVM Version:           1.8.0_261-b12
18-Dec-2024 12:12:20.292 INFO [main] org.apache.catalina.startup.VersionLoggerListener.log JVM Vendor:            Oracle Corporation
18-Dec-2024 12:12:20.293 INFO [main] org.apache.catalina.startup.VersionLoggerListener.log CATALINA_BASE:         C:\Users\HP\Desktop\MEGHAM\Xworkz_CommonModule_Megha
18-Dec-2024 12:12:20.293 INFO [main] org.apache.catalina.startup.VersionLoggerListener.log CATALINA_HOME:         C:\Users\HP\Downloads\tomcat\apache-tomcat-9.0.38
18-Dec-2024 12:12:20.296 INFO [main] org.apache.catalina.startup.VersionLoggerListener.log Command line argument: -Dcatalina.home=C:\Users\HP\Downloads\tomcat\apache-tomcat-9.0.38
18-Dec-2024 12:12:20.296 INFO [main] org.apache.catalina.startup.VersionLoggerListener.log Command line argument: -Dcatalina.base=C:\Users\HP\Desktop\MEGHAM\Xworkz_CommonModule_Megha
18-Dec-2024 12:12:20.297 INFO [main] org.apache.catalina.startup.VersionLoggerListener.log Command line argument: -Djava.io.tmpdir=C:\Users\HP\Desktop\MEGHAM\Xworkz_CommonModule_Megha\temp
18-Dec-2024 12:12:20.297 INFO [main] org.apache.catalina.startup.VersionLoggerListener.log Command line argument: -Djava.util.logging.config.file=C:\Users\HP\Desktop\MEGHAM\Xworkz_CommonModule_Megha\conf\logging.properties
18-Dec-2024 12:12:20.297 INFO [main] org.apache.catalina.startup.VersionLoggerListener.log Command line argument: -Djava.util.logging.manager=org.apache.juli.ClassLoaderLogManager
18-Dec-2024 12:12:20.297 INFO [main] org.apache.catalina.startup.VersionLoggerListener.log Command line argument: -javaagent:C:\Program Files\JetBrains\IntelliJ IDEA Community Edition 2024.3\lib\idea_rt.jar=50387:C:\Program Files\JetBrains\IntelliJ IDEA Community Edition 2024.3\bin
18-Dec-2024 12:12:20.297 INFO [main] org.apache.catalina.startup.VersionLoggerListener.log Command line argument: -Dfile.encoding=UTF-8
18-Dec-2024 12:12:20.305 INFO [main] org.apache.catalina.core.AprLifecycleListener.lifecycleEvent Loaded Apache Tomcat Native library [1.2.25] using APR version [1.7.0].
18-Dec-2024 12:12:20.305 INFO [main] org.apache.catalina.core.AprLifecycleListener.lifecycleEvent APR capabilities: IPv6 [true], sendfile [true], accept filters [false], random [true].
18-Dec-2024 12:12:20.306 INFO [main] org.apache.catalina.core.AprLifecycleListener.lifecycleEvent APR/OpenSSL configuration: useAprConnector [false], useOpenSSL [true]
18-Dec-2024 12:12:20.319 INFO [main] org.apache.catalina.core.AprLifecycleListener.initializeSSL OpenSSL successfully initialized [OpenSSL 1.1.1g  21 Apr 2020]
18-Dec-2024 12:12:21.096 INFO [main] org.apache.coyote.AbstractProtocol.init Initializing ProtocolHandler ["http-nio-8080"]
18-Dec-2024 12:12:21.581 INFO [main] org.apache.catalina.startup.Catalina.load Server initialization in [1738] milliseconds
18-Dec-2024 12:12:21.618 INFO [main] org.apache.catalina.core.StandardService.startInternal Starting service [Catalina]
18-Dec-2024 12:12:21.619 INFO [main] org.apache.catalina.core.StandardEngine.startInternal Starting Servlet engine: [Apache Tomcat/9.0.38]
18-Dec-2024 12:12:21.635 INFO [main] org.apache.catalina.startup.HostConfig.deployDescriptor Deploying deployment descriptor [C:\Users\HP\Desktop\MEGHAM\Xworkz_CommonModule_Megha\conf\Catalina\localhost\Xworkz_CommonModule_Megha.xml]
18-Dec-2024 12:12:27.109 INFO [main] org.apache.jasper.servlet.TldScanner.scanJars At least one JAR was scanned for TLDs yet contained no TLDs. Enable debug logging for this logger for a complete list of JARs that were scanned but no TLDs were found in them. Skipping unneeded JARs during scanning can improve startup time and JSP compilation time.
18-Dec-2024 12:12:29.315 INFO [main] org.hibernate.jpa.internal.util.LogHelper.logPersistenceUnitInformation HHH000204: Processing PersistenceUnitInfo [
	name: default
	...]
18-Dec-2024 12:12:29.696 INFO [main] org.hibernate.Version.logVersion HHH000412: Hibernate Core {5.3.36.Final}
18-Dec-2024 12:12:29.701 INFO [main] org.hibernate.cfg.Environment.<clinit> HHH000206: hibernate.properties not found
18-Dec-2024 12:12:30.643 INFO [main] org.hibernate.annotations.common.reflection.java.JavaReflectionManager.<clinit> HCANN000001: Hibernate Commons Annotations {5.0.5.Final}
18-Dec-2024 12:12:32.766 INFO [main] org.hibernate.dialect.Dialect.<init> HHH000400: Using dialect: org.hibernate.dialect.MySQL8Dialect
18-Dec-2024 12:12:34.003 INFO [main] org.apache.catalina.startup.HostConfig.deployDescriptor Deployment of deployment descriptor [C:\Users\HP\Desktop\MEGHAM\Xworkz_CommonModule_Megha\conf\Catalina\localhost\Xworkz_CommonModule_Megha.xml] has finished in [12,367] ms
18-Dec-2024 12:12:34.008 INFO [main] org.apache.coyote.AbstractProtocol.start Starting ProtocolHandler ["http-nio-8080"]
18-Dec-2024 12:12:34.017 INFO [main] org.apache.catalina.startup.Catalina.start Server startup in [12436] milliseconds
18-Dec-2024 12:13:32.136 INFO [http-nio-8080-exec-6] org.hibernate.jpa.internal.util.LogHelper.logPersistenceUnitInformation HHH000204: Processing PersistenceUnitInfo [
	name: default
	...]
18-Dec-2024 12:13:32.247 INFO [http-nio-8080-exec-6] org.hibernate.dialect.Dialect.<init> HHH000400: Using dialect: org.hibernate.dialect.MySQL8Dialect
18-Dec-2024 19:51:15.783 INFO [Thread-4] org.apache.coyote.AbstractProtocol.pause Pausing ProtocolHandler ["http-nio-8080"]
18-Dec-2024 19:51:16.208 INFO [Thread-4] org.apache.catalina.core.StandardService.stopInternal Stopping service [Catalina]
18-Dec-2024 19:51:16.222 WARNING [Thread-4] org.apache.catalina.loader.WebappClassLoaderBase.clearReferencesJdbc The web application [Xworkz_CommonModule_Megha] registered the JDBC driver [com.mysql.cj.jdbc.Driver] but failed to unregister it when the web application was stopped. To prevent a memory leak, the JDBC Driver has been forcibly unregistered.
18-Dec-2024 19:51:16.225 WARNING [Thread-4] org.apache.catalina.loader.WebappClassLoaderBase.clearReferencesThreads The web application [Xworkz_CommonModule_Megha] appears to have started a thread named [mysql-cj-abandoned-connection-cleanup] but has failed to stop it. This is very likely to create a memory leak. Stack trace of thread:
 java.lang.Object.wait(Native Method)
 java.lang.ref.ReferenceQueue.remove(ReferenceQueue.java:144)
 com.mysql.cj.jdbc.AbandonedConnectionCleanupThread.run(AbandonedConnectionCleanupThread.java:93)
 java.util.concurrent.ThreadPoolExecutor.runWorker(ThreadPoolExecutor.java:1149)
 java.util.concurrent.ThreadPoolExecutor$Worker.run(ThreadPoolExecutor.java:624)
 java.lang.Thread.run(Thread.java:748)
18-Dec-2024 19:51:16.240 INFO [Thread-4] org.apache.coyote.AbstractProtocol.stop Stopping ProtocolHandler ["http-nio-8080"]
18-Dec-2024 19:51:16.268 INFO [Thread-4] org.apache.coyote.AbstractProtocol.destroy Destroying ProtocolHandler ["http-nio-8080"]
18-Dec-2024 19:51:26.182 INFO [main] org.apache.catalina.startup.VersionLoggerListener.log Server version name:   Apache Tomcat/9.0.38
18-Dec-2024 19:51:26.186 INFO [main] org.apache.catalina.startup.VersionLoggerListener.log Server built:          Sep 10 2020 08:20:30 UTC
18-Dec-2024 19:51:26.186 INFO [main] org.apache.catalina.startup.VersionLoggerListener.log Server version number: 9.0.38.0
18-Dec-2024 19:51:26.186 INFO [main] org.apache.catalina.startup.VersionLoggerListener.log OS Name:               Windows 10
18-Dec-2024 19:51:26.186 INFO [main] org.apache.catalina.startup.VersionLoggerListener.log OS Version:            10.0
18-Dec-2024 19:51:26.186 INFO [main] org.apache.catalina.startup.VersionLoggerListener.log Architecture:          amd64
18-Dec-2024 19:51:26.186 INFO [main] org.apache.catalina.startup.VersionLoggerListener.log Java Home:             C:\Program Files\Java\jdk1.8.0_261\jre
18-Dec-2024 19:51:26.186 INFO [main] org.apache.catalina.startup.VersionLoggerListener.log JVM Version:           1.8.0_261-b12
18-Dec-2024 19:51:26.186 INFO [main] org.apache.catalina.startup.VersionLoggerListener.log JVM Vendor:            Oracle Corporation
18-Dec-2024 19:51:26.187 INFO [main] org.apache.catalina.startup.VersionLoggerListener.log CATALINA_BASE:         C:\Users\HP\Desktop\MEGHAM\Xworkz_CommonModule_Megha
18-Dec-2024 19:51:26.187 INFO [main] org.apache.catalina.startup.VersionLoggerListener.log CATALINA_HOME:         C:\Users\HP\Downloads\tomcat\apache-tomcat-9.0.38
18-Dec-2024 19:51:26.190 INFO [main] org.apache.catalina.startup.VersionLoggerListener.log Command line argument: -Dcatalina.home=C:\Users\HP\Downloads\tomcat\apache-tomcat-9.0.38
18-Dec-2024 19:51:26.190 INFO [main] org.apache.catalina.startup.VersionLoggerListener.log Command line argument: -Dcatalina.base=C:\Users\HP\Desktop\MEGHAM\Xworkz_CommonModule_Megha
18-Dec-2024 19:51:26.190 INFO [main] org.apache.catalina.startup.VersionLoggerListener.log Command line argument: -Djava.io.tmpdir=C:\Users\HP\Desktop\MEGHAM\Xworkz_CommonModule_Megha\temp
18-Dec-2024 19:51:26.190 INFO [main] org.apache.catalina.startup.VersionLoggerListener.log Command line argument: -Djava.util.logging.config.file=C:\Users\HP\Desktop\MEGHAM\Xworkz_CommonModule_Megha\conf\logging.properties
18-Dec-2024 19:51:26.190 INFO [main] org.apache.catalina.startup.VersionLoggerListener.log Command line argument: -Djava.util.logging.manager=org.apache.juli.ClassLoaderLogManager
18-Dec-2024 19:51:26.190 INFO [main] org.apache.catalina.startup.VersionLoggerListener.log Command line argument: -javaagent:C:\Program Files\JetBrains\IntelliJ IDEA Community Edition 2024.3\lib\idea_rt.jar=58481:C:\Program Files\JetBrains\IntelliJ IDEA Community Edition 2024.3\bin
18-Dec-2024 19:51:26.190 INFO [main] org.apache.catalina.startup.VersionLoggerListener.log Command line argument: -Dfile.encoding=UTF-8
18-Dec-2024 19:51:26.196 INFO [main] org.apache.catalina.core.AprLifecycleListener.lifecycleEvent Loaded Apache Tomcat Native library [1.2.25] using APR version [1.7.0].
18-Dec-2024 19:51:26.197 INFO [main] org.apache.catalina.core.AprLifecycleListener.lifecycleEvent APR capabilities: IPv6 [true], sendfile [true], accept filters [false], random [true].
18-Dec-2024 19:51:26.197 INFO [main] org.apache.catalina.core.AprLifecycleListener.lifecycleEvent APR/OpenSSL configuration: useAprConnector [false], useOpenSSL [true]
18-Dec-2024 19:51:26.205 INFO [main] org.apache.catalina.core.AprLifecycleListener.initializeSSL OpenSSL successfully initialized [OpenSSL 1.1.1g  21 Apr 2020]
18-Dec-2024 19:51:27.258 INFO [main] org.apache.coyote.AbstractProtocol.init Initializing ProtocolHandler ["http-nio-8080"]
18-Dec-2024 19:51:27.795 INFO [main] org.apache.catalina.startup.Catalina.load Server initialization in [2057] milliseconds
18-Dec-2024 19:51:27.888 INFO [main] org.apache.catalina.core.StandardService.startInternal Starting service [Catalina]
18-Dec-2024 19:51:27.888 INFO [main] org.apache.catalina.core.StandardEngine.startInternal Starting Servlet engine: [Apache Tomcat/9.0.38]
18-Dec-2024 19:51:27.907 INFO [main] org.apache.catalina.startup.HostConfig.deployDescriptor Deploying deployment descriptor [C:\Users\HP\Desktop\MEGHAM\Xworkz_CommonModule_Megha\conf\Catalina\localhost\Xworkz_CommonModule_Megha.xml]
18-Dec-2024 19:51:37.186 INFO [main] org.apache.jasper.servlet.TldScanner.scanJars At least one JAR was scanned for TLDs yet contained no TLDs. Enable debug logging for this logger for a complete list of JARs that were scanned but no TLDs were found in them. Skipping unneeded JARs during scanning can improve startup time and JSP compilation time.
18-Dec-2024 19:51:39.523 INFO [main] org.hibernate.jpa.internal.util.LogHelper.logPersistenceUnitInformation HHH000204: Processing PersistenceUnitInfo [
	name: default
	...]
18-Dec-2024 19:51:39.965 INFO [main] org.hibernate.Version.logVersion HHH000412: Hibernate Core {5.3.36.Final}
18-Dec-2024 19:51:39.969 INFO [main] org.hibernate.cfg.Environment.<clinit> HHH000206: hibernate.properties not found
18-Dec-2024 19:51:40.773 INFO [main] org.hibernate.annotations.common.reflection.java.JavaReflectionManager.<clinit> HCANN000001: Hibernate Commons Annotations {5.0.5.Final}
18-Dec-2024 19:51:42.802 INFO [main] org.hibernate.dialect.Dialect.<init> HHH000400: Using dialect: org.hibernate.dialect.MySQL8Dialect
18-Dec-2024 19:51:43.929 INFO [main] org.apache.catalina.startup.HostConfig.deployDescriptor Deployment of deployment descriptor [C:\Users\HP\Desktop\MEGHAM\Xworkz_CommonModule_Megha\conf\Catalina\localhost\Xworkz_CommonModule_Megha.xml] has finished in [16,020] ms
18-Dec-2024 19:51:43.933 INFO [main] org.apache.coyote.AbstractProtocol.start Starting ProtocolHandler ["http-nio-8080"]
18-Dec-2024 19:51:43.946 INFO [main] org.apache.catalina.startup.Catalina.start Server startup in [16150] milliseconds
18-Dec-2024 19:52:15.503 INFO [http-nio-8080-exec-5] org.hibernate.jpa.internal.util.LogHelper.logPersistenceUnitInformation HHH000204: Processing PersistenceUnitInfo [
	name: default
	...]
18-Dec-2024 19:52:15.595 INFO [http-nio-8080-exec-5] org.hibernate.dialect.Dialect.<init> HHH000400: Using dialect: org.hibernate.dialect.MySQL8Dialect
18-Dec-2024 20:28:07.988 INFO [Thread-4] org.apache.coyote.AbstractProtocol.pause Pausing ProtocolHandler ["http-nio-8080"]
18-Dec-2024 20:28:08.265 INFO [Thread-4] org.apache.catalina.core.StandardService.stopInternal Stopping service [Catalina]
18-Dec-2024 20:28:08.273 WARNING [Thread-4] org.apache.catalina.loader.WebappClassLoaderBase.clearReferencesJdbc The web application [Xworkz_CommonModule_Megha] registered the JDBC driver [com.mysql.cj.jdbc.Driver] but failed to unregister it when the web application was stopped. To prevent a memory leak, the JDBC Driver has been forcibly unregistered.
18-Dec-2024 20:28:08.274 WARNING [Thread-4] org.apache.catalina.loader.WebappClassLoaderBase.clearReferencesThreads The web application [Xworkz_CommonModule_Megha] appears to have started a thread named [mysql-cj-abandoned-connection-cleanup] but has failed to stop it. This is very likely to create a memory leak. Stack trace of thread:
 java.lang.Object.wait(Native Method)
 java.lang.ref.ReferenceQueue.remove(ReferenceQueue.java:144)
 com.mysql.cj.jdbc.AbandonedConnectionCleanupThread.run(AbandonedConnectionCleanupThread.java:93)
 java.util.concurrent.ThreadPoolExecutor.runWorker(ThreadPoolExecutor.java:1149)
 java.util.concurrent.ThreadPoolExecutor$Worker.run(ThreadPoolExecutor.java:624)
 java.lang.Thread.run(Thread.java:748)
18-Dec-2024 20:28:08.280 INFO [Thread-4] org.apache.coyote.AbstractProtocol.stop Stopping ProtocolHandler ["http-nio-8080"]
18-Dec-2024 20:28:08.336 INFO [Thread-4] org.apache.coyote.AbstractProtocol.destroy Destroying ProtocolHandler ["http-nio-8080"]
18-Dec-2024 20:28:15.514 INFO [main] org.apache.catalina.startup.VersionLoggerListener.log Server version name:   Apache Tomcat/9.0.38
18-Dec-2024 20:28:15.517 INFO [main] org.apache.catalina.startup.VersionLoggerListener.log Server built:          Sep 10 2020 08:20:30 UTC
18-Dec-2024 20:28:15.517 INFO [main] org.apache.catalina.startup.VersionLoggerListener.log Server version number: 9.0.38.0
18-Dec-2024 20:28:15.518 INFO [main] org.apache.catalina.startup.VersionLoggerListener.log OS Name:               Windows 10
18-Dec-2024 20:28:15.518 INFO [main] org.apache.catalina.startup.VersionLoggerListener.log OS Version:            10.0
18-Dec-2024 20:28:15.518 INFO [main] org.apache.catalina.startup.VersionLoggerListener.log Architecture:          amd64
18-Dec-2024 20:28:15.518 INFO [main] org.apache.catalina.startup.VersionLoggerListener.log Java Home:             C:\Program Files\Java\jdk1.8.0_261\jre
18-Dec-2024 20:28:15.518 INFO [main] org.apache.catalina.startup.VersionLoggerListener.log JVM Version:           1.8.0_261-b12
18-Dec-2024 20:28:15.518 INFO [main] org.apache.catalina.startup.VersionLoggerListener.log JVM Vendor:            Oracle Corporation
18-Dec-2024 20:28:15.518 INFO [main] org.apache.catalina.startup.VersionLoggerListener.log CATALINA_BASE:         C:\Users\HP\Desktop\MEGHAM\Xworkz_CommonModule_Megha
18-Dec-2024 20:28:15.518 INFO [main] org.apache.catalina.startup.VersionLoggerListener.log CATALINA_HOME:         C:\Users\HP\Downloads\tomcat\apache-tomcat-9.0.38
18-Dec-2024 20:28:15.521 INFO [main] org.apache.catalina.startup.VersionLoggerListener.log Command line argument: -Dcatalina.home=C:\Users\HP\Downloads\tomcat\apache-tomcat-9.0.38
18-Dec-2024 20:28:15.521 INFO [main] org.apache.catalina.startup.VersionLoggerListener.log Command line argument: -Dcatalina.base=C:\Users\HP\Desktop\MEGHAM\Xworkz_CommonModule_Megha
18-Dec-2024 20:28:15.521 INFO [main] org.apache.catalina.startup.VersionLoggerListener.log Command line argument: -Djava.io.tmpdir=C:\Users\HP\Desktop\MEGHAM\Xworkz_CommonModule_Megha\temp
18-Dec-2024 20:28:15.521 INFO [main] org.apache.catalina.startup.VersionLoggerListener.log Command line argument: -Djava.util.logging.config.file=C:\Users\HP\Desktop\MEGHAM\Xworkz_CommonModule_Megha\conf\logging.properties
18-Dec-2024 20:28:15.521 INFO [main] org.apache.catalina.startup.VersionLoggerListener.log Command line argument: -Djava.util.logging.manager=org.apache.juli.ClassLoaderLogManager
18-Dec-2024 20:28:15.521 INFO [main] org.apache.catalina.startup.VersionLoggerListener.log Command line argument: -javaagent:C:\Program Files\JetBrains\IntelliJ IDEA Community Edition 2024.3\lib\idea_rt.jar=58280:C:\Program Files\JetBrains\IntelliJ IDEA Community Edition 2024.3\bin
18-Dec-2024 20:28:15.521 INFO [main] org.apache.catalina.startup.VersionLoggerListener.log Command line argument: -Dfile.encoding=UTF-8
18-Dec-2024 20:28:15.525 INFO [main] org.apache.catalina.core.AprLifecycleListener.lifecycleEvent Loaded Apache Tomcat Native library [1.2.25] using APR version [1.7.0].
18-Dec-2024 20:28:15.525 INFO [main] org.apache.catalina.core.AprLifecycleListener.lifecycleEvent APR capabilities: IPv6 [true], sendfile [true], accept filters [false], random [true].
18-Dec-2024 20:28:15.526 INFO [main] org.apache.catalina.core.AprLifecycleListener.lifecycleEvent APR/OpenSSL configuration: useAprConnector [false], useOpenSSL [true]
18-Dec-2024 20:28:15.531 INFO [main] org.apache.catalina.core.AprLifecycleListener.initializeSSL OpenSSL successfully initialized [OpenSSL 1.1.1g  21 Apr 2020]
18-Dec-2024 20:28:16.324 INFO [main] org.apache.coyote.AbstractProtocol.init Initializing ProtocolHandler ["http-nio-8080"]
18-Dec-2024 20:28:16.744 INFO [main] org.apache.catalina.startup.Catalina.load Server initialization in [1714] milliseconds
18-Dec-2024 20:28:16.782 INFO [main] org.apache.catalina.core.StandardService.startInternal Starting service [Catalina]
18-Dec-2024 20:28:16.783 INFO [main] org.apache.catalina.core.StandardEngine.startInternal Starting Servlet engine: [Apache Tomcat/9.0.38]
18-Dec-2024 20:28:16.799 INFO [main] org.apache.catalina.startup.HostConfig.deployDescriptor Deploying deployment descriptor [C:\Users\HP\Desktop\MEGHAM\Xworkz_CommonModule_Megha\conf\Catalina\localhost\Xworkz_CommonModule_Megha.xml]
18-Dec-2024 20:28:22.070 INFO [main] org.apache.jasper.servlet.TldScanner.scanJars At least one JAR was scanned for TLDs yet contained no TLDs. Enable debug logging for this logger for a complete list of JARs that were scanned but no TLDs were found in them. Skipping unneeded JARs during scanning can improve startup time and JSP compilation time.
18-Dec-2024 20:28:23.986 INFO [main] org.hibernate.jpa.internal.util.LogHelper.logPersistenceUnitInformation HHH000204: Processing PersistenceUnitInfo [
	name: default
	...]
18-Dec-2024 20:28:24.391 INFO [main] org.hibernate.Version.logVersion HHH000412: Hibernate Core {5.3.36.Final}
18-Dec-2024 20:28:24.395 INFO [main] org.hibernate.cfg.Environment.<clinit> HHH000206: hibernate.properties not found
18-Dec-2024 20:28:25.192 INFO [main] org.hibernate.annotations.common.reflection.java.JavaReflectionManager.<clinit> HCANN000001: Hibernate Commons Annotations {5.0.5.Final}
18-Dec-2024 20:28:27.086 INFO [main] org.hibernate.dialect.Dialect.<init> HHH000400: Using dialect: org.hibernate.dialect.MySQL8Dialect
18-Dec-2024 20:28:28.108 INFO [main] org.apache.catalina.startup.HostConfig.deployDescriptor Deployment of deployment descriptor [C:\Users\HP\Desktop\MEGHAM\Xworkz_CommonModule_Megha\conf\Catalina\localhost\Xworkz_CommonModule_Megha.xml] has finished in [11,309] ms
18-Dec-2024 20:28:28.114 INFO [main] org.apache.coyote.AbstractProtocol.start Starting ProtocolHandler ["http-nio-8080"]
18-Dec-2024 20:28:28.126 INFO [main] org.apache.catalina.startup.Catalina.start Server startup in [11381] milliseconds
18-Dec-2024 20:37:27.408 INFO [http-nio-8080-exec-1] org.hibernate.jpa.internal.util.LogHelper.logPersistenceUnitInformation HHH000204: Processing PersistenceUnitInfo [
	name: default
	...]
18-Dec-2024 20:37:27.501 INFO [http-nio-8080-exec-1] org.hibernate.dialect.Dialect.<init> HHH000400: Using dialect: org.hibernate.dialect.MySQL8Dialect
18-Dec-2024 20:51:24.496 INFO [Thread-4] org.apache.coyote.AbstractProtocol.pause Pausing ProtocolHandler ["http-nio-8080"]
18-Dec-2024 20:51:24.763 INFO [Thread-4] org.apache.catalina.core.StandardService.stopInternal Stopping service [Catalina]
18-Dec-2024 20:51:24.772 WARNING [Thread-4] org.apache.catalina.loader.WebappClassLoaderBase.clearReferencesJdbc The web application [Xworkz_CommonModule_Megha] registered the JDBC driver [com.mysql.cj.jdbc.Driver] but failed to unregister it when the web application was stopped. To prevent a memory leak, the JDBC Driver has been forcibly unregistered.
18-Dec-2024 20:51:24.774 WARNING [Thread-4] org.apache.catalina.loader.WebappClassLoaderBase.clearReferencesThreads The web application [Xworkz_CommonModule_Megha] appears to have started a thread named [mysql-cj-abandoned-connection-cleanup] but has failed to stop it. This is very likely to create a memory leak. Stack trace of thread:
 java.lang.Object.wait(Native Method)
 java.lang.ref.ReferenceQueue.remove(ReferenceQueue.java:144)
 com.mysql.cj.jdbc.AbandonedConnectionCleanupThread.run(AbandonedConnectionCleanupThread.java:93)
 java.util.concurrent.ThreadPoolExecutor.runWorker(ThreadPoolExecutor.java:1149)
 java.util.concurrent.ThreadPoolExecutor$Worker.run(ThreadPoolExecutor.java:624)
 java.lang.Thread.run(Thread.java:748)
18-Dec-2024 20:51:24.779 INFO [Thread-4] org.apache.coyote.AbstractProtocol.stop Stopping ProtocolHandler ["http-nio-8080"]
18-Dec-2024 20:51:24.814 INFO [Thread-4] org.apache.coyote.AbstractProtocol.destroy Destroying ProtocolHandler ["http-nio-8080"]
18-Dec-2024 20:51:31.386 INFO [main] org.apache.catalina.startup.VersionLoggerListener.log Server version name:   Apache Tomcat/9.0.38
18-Dec-2024 20:51:31.390 INFO [main] org.apache.catalina.startup.VersionLoggerListener.log Server built:          Sep 10 2020 08:20:30 UTC
18-Dec-2024 20:51:31.390 INFO [main] org.apache.catalina.startup.VersionLoggerListener.log Server version number: 9.0.38.0
18-Dec-2024 20:51:31.391 INFO [main] org.apache.catalina.startup.VersionLoggerListener.log OS Name:               Windows 10
18-Dec-2024 20:51:31.391 INFO [main] org.apache.catalina.startup.VersionLoggerListener.log OS Version:            10.0
18-Dec-2024 20:51:31.391 INFO [main] org.apache.catalina.startup.VersionLoggerListener.log Architecture:          amd64
18-Dec-2024 20:51:31.391 INFO [main] org.apache.catalina.startup.VersionLoggerListener.log Java Home:             C:\Program Files\Java\jdk1.8.0_261\jre
18-Dec-2024 20:51:31.391 INFO [main] org.apache.catalina.startup.VersionLoggerListener.log JVM Version:           1.8.0_261-b12
18-Dec-2024 20:51:31.397 INFO [main] org.apache.catalina.startup.VersionLoggerListener.log JVM Vendor:            Oracle Corporation
18-Dec-2024 20:51:31.398 INFO [main] org.apache.catalina.startup.VersionLoggerListener.log CATALINA_BASE:         C:\Users\HP\Desktop\MEGHAM\Xworkz_CommonModule_Megha
18-Dec-2024 20:51:31.399 INFO [main] org.apache.catalina.startup.VersionLoggerListener.log CATALINA_HOME:         C:\Users\HP\Downloads\tomcat\apache-tomcat-9.0.38
18-Dec-2024 20:51:31.399 INFO [main] org.apache.catalina.startup.VersionLoggerListener.log Command line argument: -Dcatalina.home=C:\Users\HP\Downloads\tomcat\apache-tomcat-9.0.38
18-Dec-2024 20:51:31.401 INFO [main] org.apache.catalina.startup.VersionLoggerListener.log Command line argument: -Dcatalina.base=C:\Users\HP\Desktop\MEGHAM\Xworkz_CommonModule_Megha
18-Dec-2024 20:51:31.401 INFO [main] org.apache.catalina.startup.VersionLoggerListener.log Command line argument: -Djava.io.tmpdir=C:\Users\HP\Desktop\MEGHAM\Xworkz_CommonModule_Megha\temp
18-Dec-2024 20:51:31.401 INFO [main] org.apache.catalina.startup.VersionLoggerListener.log Command line argument: -Djava.util.logging.config.file=C:\Users\HP\Desktop\MEGHAM\Xworkz_CommonModule_Megha\conf\logging.properties
18-Dec-2024 20:51:31.401 INFO [main] org.apache.catalina.startup.VersionLoggerListener.log Command line argument: -Djava.util.logging.manager=org.apache.juli.ClassLoaderLogManager
18-Dec-2024 20:51:31.402 INFO [main] org.apache.catalina.startup.VersionLoggerListener.log Command line argument: -javaagent:C:\Program Files\JetBrains\IntelliJ IDEA Community Edition 2024.3\lib\idea_rt.jar=58486:C:\Program Files\JetBrains\IntelliJ IDEA Community Edition 2024.3\bin
18-Dec-2024 20:51:31.402 INFO [main] org.apache.catalina.startup.VersionLoggerListener.log Command line argument: -Dfile.encoding=UTF-8
18-Dec-2024 20:51:31.406 INFO [main] org.apache.catalina.core.AprLifecycleListener.lifecycleEvent Loaded Apache Tomcat Native library [1.2.25] using APR version [1.7.0].
18-Dec-2024 20:51:31.407 INFO [main] org.apache.catalina.core.AprLifecycleListener.lifecycleEvent APR capabilities: IPv6 [true], sendfile [true], accept filters [false], random [true].
18-Dec-2024 20:51:31.407 INFO [main] org.apache.catalina.core.AprLifecycleListener.lifecycleEvent APR/OpenSSL configuration: useAprConnector [false], useOpenSSL [true]
18-Dec-2024 20:51:31.417 INFO [main] org.apache.catalina.core.AprLifecycleListener.initializeSSL OpenSSL successfully initialized [OpenSSL 1.1.1g  21 Apr 2020]
18-Dec-2024 20:51:32.167 INFO [main] org.apache.coyote.AbstractProtocol.init Initializing ProtocolHandler ["http-nio-8080"]
18-Dec-2024 20:51:32.579 INFO [main] org.apache.catalina.startup.Catalina.load Server initialization in [1620] milliseconds
18-Dec-2024 20:51:32.638 INFO [main] org.apache.catalina.core.StandardService.startInternal Starting service [Catalina]
18-Dec-2024 20:51:32.638 INFO [main] org.apache.catalina.core.StandardEngine.startInternal Starting Servlet engine: [Apache Tomcat/9.0.38]
18-Dec-2024 20:51:32.655 INFO [main] org.apache.catalina.startup.HostConfig.deployDescriptor Deploying deployment descriptor [C:\Users\HP\Desktop\MEGHAM\Xworkz_CommonModule_Megha\conf\Catalina\localhost\Xworkz_CommonModule_Megha.xml]
18-Dec-2024 20:51:38.013 INFO [main] org.apache.jasper.servlet.TldScanner.scanJars At least one JAR was scanned for TLDs yet contained no TLDs. Enable debug logging for this logger for a complete list of JARs that were scanned but no TLDs were found in them. Skipping unneeded JARs during scanning can improve startup time and JSP compilation time.
18-Dec-2024 20:51:39.951 INFO [main] org.hibernate.jpa.internal.util.LogHelper.logPersistenceUnitInformation HHH000204: Processing PersistenceUnitInfo [
	name: default
	...]
18-Dec-2024 20:51:40.333 INFO [main] org.hibernate.Version.logVersion HHH000412: Hibernate Core {5.3.36.Final}
18-Dec-2024 20:51:40.338 INFO [main] org.hibernate.cfg.Environment.<clinit> HHH000206: hibernate.properties not found
18-Dec-2024 20:51:41.155 INFO [main] org.hibernate.annotations.common.reflection.java.JavaReflectionManager.<clinit> HCANN000001: Hibernate Commons Annotations {5.0.5.Final}
18-Dec-2024 20:51:43.151 INFO [main] org.hibernate.dialect.Dialect.<init> HHH000400: Using dialect: org.hibernate.dialect.MySQL8Dialect
18-Dec-2024 20:51:44.232 INFO [main] org.apache.catalina.startup.HostConfig.deployDescriptor Deployment of deployment descriptor [C:\Users\HP\Desktop\MEGHAM\Xworkz_CommonModule_Megha\conf\Catalina\localhost\Xworkz_CommonModule_Megha.xml] has finished in [11,577] ms
18-Dec-2024 20:51:44.237 INFO [main] org.apache.coyote.AbstractProtocol.start Starting ProtocolHandler ["http-nio-8080"]
18-Dec-2024 20:51:44.250 INFO [main] org.apache.catalina.startup.Catalina.start Server startup in [11671] milliseconds
18-Dec-2024 20:51:52.634 INFO [http-nio-8080-exec-1] org.hibernate.jpa.internal.util.LogHelper.logPersistenceUnitInformation HHH000204: Processing PersistenceUnitInfo [
	name: default
	...]
18-Dec-2024 20:51:52.726 INFO [http-nio-8080-exec-1] org.hibernate.dialect.Dialect.<init> HHH000400: Using dialect: org.hibernate.dialect.MySQL8Dialect
18-Dec-2024 20:53:32.685 INFO [Thread-4] org.apache.coyote.AbstractProtocol.pause Pausing ProtocolHandler ["http-nio-8080"]
18-Dec-2024 20:53:32.980 INFO [Thread-4] org.apache.catalina.core.StandardService.stopInternal Stopping service [Catalina]
18-Dec-2024 20:53:32.988 WARNING [Thread-4] org.apache.catalina.loader.WebappClassLoaderBase.clearReferencesJdbc The web application [Xworkz_CommonModule_Megha] registered the JDBC driver [com.mysql.cj.jdbc.Driver] but failed to unregister it when the web application was stopped. To prevent a memory leak, the JDBC Driver has been forcibly unregistered.
18-Dec-2024 20:53:32.990 WARNING [Thread-4] org.apache.catalina.loader.WebappClassLoaderBase.clearReferencesThreads The web application [Xworkz_CommonModule_Megha] appears to have started a thread named [mysql-cj-abandoned-connection-cleanup] but has failed to stop it. This is very likely to create a memory leak. Stack trace of thread:
 java.lang.Object.wait(Native Method)
 java.lang.ref.ReferenceQueue.remove(ReferenceQueue.java:144)
 com.mysql.cj.jdbc.AbandonedConnectionCleanupThread.run(AbandonedConnectionCleanupThread.java:93)
 java.util.concurrent.ThreadPoolExecutor.runWorker(ThreadPoolExecutor.java:1149)
 java.util.concurrent.ThreadPoolExecutor$Worker.run(ThreadPoolExecutor.java:624)
 java.lang.Thread.run(Thread.java:748)
18-Dec-2024 20:53:32.999 INFO [Thread-4] org.apache.coyote.AbstractProtocol.stop Stopping ProtocolHandler ["http-nio-8080"]
18-Dec-2024 20:53:33.042 INFO [Thread-4] org.apache.coyote.AbstractProtocol.destroy Destroying ProtocolHandler ["http-nio-8080"]
18-Dec-2024 20:53:43.878 INFO [main] org.apache.catalina.startup.VersionLoggerListener.log Server version name:   Apache Tomcat/9.0.38
18-Dec-2024 20:53:43.884 INFO [main] org.apache.catalina.startup.VersionLoggerListener.log Server built:          Sep 10 2020 08:20:30 UTC
18-Dec-2024 20:53:43.884 INFO [main] org.apache.catalina.startup.VersionLoggerListener.log Server version number: 9.0.38.0
18-Dec-2024 20:53:43.884 INFO [main] org.apache.catalina.startup.VersionLoggerListener.log OS Name:               Windows 10
18-Dec-2024 20:53:43.884 INFO [main] org.apache.catalina.startup.VersionLoggerListener.log OS Version:            10.0
18-Dec-2024 20:53:43.884 INFO [main] org.apache.catalina.startup.VersionLoggerListener.log Architecture:          amd64
18-Dec-2024 20:53:43.887 INFO [main] org.apache.catalina.startup.VersionLoggerListener.log Java Home:             C:\Program Files\Java\jdk1.8.0_261\jre
18-Dec-2024 20:53:43.887 INFO [main] org.apache.catalina.startup.VersionLoggerListener.log JVM Version:           1.8.0_261-b12
18-Dec-2024 20:53:43.887 INFO [main] org.apache.catalina.startup.VersionLoggerListener.log JVM Vendor:            Oracle Corporation
18-Dec-2024 20:53:43.887 INFO [main] org.apache.catalina.startup.VersionLoggerListener.log CATALINA_BASE:         C:\Users\HP\Desktop\MEGHAM\Xworkz_CommonModule_Megha
18-Dec-2024 20:53:43.887 INFO [main] org.apache.catalina.startup.VersionLoggerListener.log CATALINA_HOME:         C:\Users\HP\Downloads\tomcat\apache-tomcat-9.0.38
18-Dec-2024 20:53:43.887 INFO [main] org.apache.catalina.startup.VersionLoggerListener.log Command line argument: -Dcatalina.home=C:\Users\HP\Downloads\tomcat\apache-tomcat-9.0.38
18-Dec-2024 20:53:43.887 INFO [main] org.apache.catalina.startup.VersionLoggerListener.log Command line argument: -Dcatalina.base=C:\Users\HP\Desktop\MEGHAM\Xworkz_CommonModule_Megha
18-Dec-2024 20:53:43.887 INFO [main] org.apache.catalina.startup.VersionLoggerListener.log Command line argument: -Djava.io.tmpdir=C:\Users\HP\Desktop\MEGHAM\Xworkz_CommonModule_Megha\temp
18-Dec-2024 20:53:43.887 INFO [main] org.apache.catalina.startup.VersionLoggerListener.log Command line argument: -Djava.util.logging.config.file=C:\Users\HP\Desktop\MEGHAM\Xworkz_CommonModule_Megha\conf\logging.properties
18-Dec-2024 20:53:43.887 INFO [main] org.apache.catalina.startup.VersionLoggerListener.log Command line argument: -Djava.util.logging.manager=org.apache.juli.ClassLoaderLogManager
18-Dec-2024 20:53:43.887 INFO [main] org.apache.catalina.startup.VersionLoggerListener.log Command line argument: -javaagent:C:\Program Files\JetBrains\IntelliJ IDEA Community Edition 2024.3\lib\idea_rt.jar=58604:C:\Program Files\JetBrains\IntelliJ IDEA Community Edition 2024.3\bin
18-Dec-2024 20:53:43.887 INFO [main] org.apache.catalina.startup.VersionLoggerListener.log Command line argument: -Dfile.encoding=UTF-8
18-Dec-2024 20:53:43.895 INFO [main] org.apache.catalina.core.AprLifecycleListener.lifecycleEvent Loaded Apache Tomcat Native library [1.2.25] using APR version [1.7.0].
18-Dec-2024 20:53:43.895 INFO [main] org.apache.catalina.core.AprLifecycleListener.lifecycleEvent APR capabilities: IPv6 [true], sendfile [true], accept filters [false], random [true].
18-Dec-2024 20:53:43.895 INFO [main] org.apache.catalina.core.AprLifecycleListener.lifecycleEvent APR/OpenSSL configuration: useAprConnector [false], useOpenSSL [true]
18-Dec-2024 20:53:43.903 INFO [main] org.apache.catalina.core.AprLifecycleListener.initializeSSL OpenSSL successfully initialized [OpenSSL 1.1.1g  21 Apr 2020]
18-Dec-2024 20:53:44.860 INFO [main] org.apache.coyote.AbstractProtocol.init Initializing ProtocolHandler ["http-nio-8080"]
18-Dec-2024 20:53:45.326 INFO [main] org.apache.catalina.startup.Catalina.load Server initialization in [1871] milliseconds
18-Dec-2024 20:53:45.359 INFO [main] org.apache.catalina.core.StandardService.startInternal Starting service [Catalina]
18-Dec-2024 20:53:45.359 INFO [main] org.apache.catalina.core.StandardEngine.startInternal Starting Servlet engine: [Apache Tomcat/9.0.38]
18-Dec-2024 20:53:45.372 INFO [main] org.apache.catalina.startup.HostConfig.deployDescriptor Deploying deployment descriptor [C:\Users\HP\Desktop\MEGHAM\Xworkz_CommonModule_Megha\conf\Catalina\localhost\Xworkz_CommonModule_Megha.xml]
18-Dec-2024 20:53:56.135 INFO [main] org.apache.jasper.servlet.TldScanner.scanJars At least one JAR was scanned for TLDs yet contained no TLDs. Enable debug logging for this logger for a complete list of JARs that were scanned but no TLDs were found in them. Skipping unneeded JARs during scanning can improve startup time and JSP compilation time.
18-Dec-2024 20:54:01.111 INFO [main] org.hibernate.jpa.internal.util.LogHelper.logPersistenceUnitInformation HHH000204: Processing PersistenceUnitInfo [
	name: default
	...]
18-Dec-2024 20:54:02.010 INFO [main] org.hibernate.Version.logVersion HHH000412: Hibernate Core {5.3.36.Final}
18-Dec-2024 20:54:02.012 INFO [main] org.hibernate.cfg.Environment.<clinit> HHH000206: hibernate.properties not found
18-Dec-2024 20:54:03.829 INFO [main] org.hibernate.annotations.common.reflection.java.JavaReflectionManager.<clinit> HCANN000001: Hibernate Commons Annotations {5.0.5.Final}
18-Dec-2024 20:54:07.644 INFO [main] org.hibernate.dialect.Dialect.<init> HHH000400: Using dialect: org.hibernate.dialect.MySQL8Dialect
18-Dec-2024 20:54:14.742 INFO [main] org.apache.catalina.startup.HostConfig.deployDescriptor Deployment of deployment descriptor [C:\Users\HP\Desktop\MEGHAM\Xworkz_CommonModule_Megha\conf\Catalina\localhost\Xworkz_CommonModule_Megha.xml] has finished in [29,370] ms
18-Dec-2024 20:54:14.748 INFO [main] org.apache.coyote.AbstractProtocol.start Starting ProtocolHandler ["http-nio-8080"]
18-Dec-2024 20:54:14.781 INFO [main] org.apache.catalina.startup.Catalina.start Server startup in [29445] milliseconds
18-Dec-2024 20:57:57.898 INFO [Thread-4] org.apache.coyote.AbstractProtocol.pause Pausing ProtocolHandler ["http-nio-8080"]
18-Dec-2024 20:57:58.151 INFO [Thread-4] org.apache.catalina.core.StandardService.stopInternal Stopping service [Catalina]
18-Dec-2024 20:57:58.174 WARNING [Thread-4] org.apache.catalina.loader.WebappClassLoaderBase.clearReferencesJdbc The web application [Xworkz_CommonModule_Megha] registered the JDBC driver [com.mysql.cj.jdbc.Driver] but failed to unregister it when the web application was stopped. To prevent a memory leak, the JDBC Driver has been forcibly unregistered.
18-Dec-2024 20:57:58.175 WARNING [Thread-4] org.apache.catalina.loader.WebappClassLoaderBase.clearReferencesThreads The web application [Xworkz_CommonModule_Megha] appears to have started a thread named [mysql-cj-abandoned-connection-cleanup] but has failed to stop it. This is very likely to create a memory leak. Stack trace of thread:
 java.lang.Object.wait(Native Method)
 java.lang.ref.ReferenceQueue.remove(ReferenceQueue.java:144)
 com.mysql.cj.jdbc.AbandonedConnectionCleanupThread.run(AbandonedConnectionCleanupThread.java:93)
 java.util.concurrent.ThreadPoolExecutor.runWorker(ThreadPoolExecutor.java:1149)
 java.util.concurrent.ThreadPoolExecutor$Worker.run(ThreadPoolExecutor.java:624)
 java.lang.Thread.run(Thread.java:748)
18-Dec-2024 20:57:58.182 INFO [Thread-4] org.apache.coyote.AbstractProtocol.stop Stopping ProtocolHandler ["http-nio-8080"]
18-Dec-2024 20:57:58.214 INFO [Thread-4] org.apache.coyote.AbstractProtocol.destroy Destroying ProtocolHandler ["http-nio-8080"]
18-Dec-2024 20:58:04.995 INFO [main] org.apache.catalina.startup.VersionLoggerListener.log Server version name:   Apache Tomcat/9.0.38
18-Dec-2024 20:58:04.998 INFO [main] org.apache.catalina.startup.VersionLoggerListener.log Server built:          Sep 10 2020 08:20:30 UTC
18-Dec-2024 20:58:04.999 INFO [main] org.apache.catalina.startup.VersionLoggerListener.log Server version number: 9.0.38.0
18-Dec-2024 20:58:04.999 INFO [main] org.apache.catalina.startup.VersionLoggerListener.log OS Name:               Windows 10
18-Dec-2024 20:58:04.999 INFO [main] org.apache.catalina.startup.VersionLoggerListener.log OS Version:            10.0
18-Dec-2024 20:58:04.999 INFO [main] org.apache.catalina.startup.VersionLoggerListener.log Architecture:          amd64
18-Dec-2024 20:58:04.999 INFO [main] org.apache.catalina.startup.VersionLoggerListener.log Java Home:             C:\Program Files\Java\jdk1.8.0_261\jre
18-Dec-2024 20:58:05.000 INFO [main] org.apache.catalina.startup.VersionLoggerListener.log JVM Version:           1.8.0_261-b12
18-Dec-2024 20:58:05.000 INFO [main] org.apache.catalina.startup.VersionLoggerListener.log JVM Vendor:            Oracle Corporation
18-Dec-2024 20:58:05.000 INFO [main] org.apache.catalina.startup.VersionLoggerListener.log CATALINA_BASE:         C:\Users\HP\Desktop\MEGHAM\Xworkz_CommonModule_Megha
18-Dec-2024 20:58:05.000 INFO [main] org.apache.catalina.startup.VersionLoggerListener.log CATALINA_HOME:         C:\Users\HP\Downloads\tomcat\apache-tomcat-9.0.38
18-Dec-2024 20:58:05.002 INFO [main] org.apache.catalina.startup.VersionLoggerListener.log Command line argument: -Dcatalina.home=C:\Users\HP\Downloads\tomcat\apache-tomcat-9.0.38
18-Dec-2024 20:58:05.002 INFO [main] org.apache.catalina.startup.VersionLoggerListener.log Command line argument: -Dcatalina.base=C:\Users\HP\Desktop\MEGHAM\Xworkz_CommonModule_Megha
18-Dec-2024 20:58:05.002 INFO [main] org.apache.catalina.startup.VersionLoggerListener.log Command line argument: -Djava.io.tmpdir=C:\Users\HP\Desktop\MEGHAM\Xworkz_CommonModule_Megha\temp
18-Dec-2024 20:58:05.002 INFO [main] org.apache.catalina.startup.VersionLoggerListener.log Command line argument: -Djava.util.logging.config.file=C:\Users\HP\Desktop\MEGHAM\Xworkz_CommonModule_Megha\conf\logging.properties
18-Dec-2024 20:58:05.003 INFO [main] org.apache.catalina.startup.VersionLoggerListener.log Command line argument: -Djava.util.logging.manager=org.apache.juli.ClassLoaderLogManager
18-Dec-2024 20:58:05.003 INFO [main] org.apache.catalina.startup.VersionLoggerListener.log Command line argument: -javaagent:C:\Program Files\JetBrains\IntelliJ IDEA Community Edition 2024.3\lib\idea_rt.jar=58650:C:\Program Files\JetBrains\IntelliJ IDEA Community Edition 2024.3\bin
18-Dec-2024 20:58:05.003 INFO [main] org.apache.catalina.startup.VersionLoggerListener.log Command line argument: -Dfile.encoding=UTF-8
18-Dec-2024 20:58:05.012 INFO [main] org.apache.catalina.core.AprLifecycleListener.lifecycleEvent Loaded Apache Tomcat Native library [1.2.25] using APR version [1.7.0].
18-Dec-2024 20:58:05.012 INFO [main] org.apache.catalina.core.AprLifecycleListener.lifecycleEvent APR capabilities: IPv6 [true], sendfile [true], accept filters [false], random [true].
18-Dec-2024 20:58:05.013 INFO [main] org.apache.catalina.core.AprLifecycleListener.lifecycleEvent APR/OpenSSL configuration: useAprConnector [false], useOpenSSL [true]
18-Dec-2024 20:58:05.021 INFO [main] org.apache.catalina.core.AprLifecycleListener.initializeSSL OpenSSL successfully initialized [OpenSSL 1.1.1g  21 Apr 2020]
18-Dec-2024 20:58:05.810 INFO [main] org.apache.coyote.AbstractProtocol.init Initializing ProtocolHandler ["http-nio-8080"]
18-Dec-2024 20:58:06.245 INFO [main] org.apache.catalina.startup.Catalina.load Server initialization in [1610] milliseconds
18-Dec-2024 20:58:06.284 INFO [main] org.apache.catalina.core.StandardService.startInternal Starting service [Catalina]
18-Dec-2024 20:58:06.284 INFO [main] org.apache.catalina.core.StandardEngine.startInternal Starting Servlet engine: [Apache Tomcat/9.0.38]
18-Dec-2024 20:58:06.298 INFO [main] org.apache.catalina.startup.HostConfig.deployDescriptor Deploying deployment descriptor [C:\Users\HP\Desktop\MEGHAM\Xworkz_CommonModule_Megha\conf\Catalina\localhost\Xworkz_CommonModule_Megha.xml]
18-Dec-2024 20:58:11.924 INFO [main] org.apache.jasper.servlet.TldScanner.scanJars At least one JAR was scanned for TLDs yet contained no TLDs. Enable debug logging for this logger for a complete list of JARs that were scanned but no TLDs were found in them. Skipping unneeded JARs during scanning can improve startup time and JSP compilation time.
18-Dec-2024 20:58:13.802 INFO [main] org.hibernate.jpa.internal.util.LogHelper.logPersistenceUnitInformation HHH000204: Processing PersistenceUnitInfo [
	name: default
	...]
18-Dec-2024 20:58:14.164 INFO [main] org.hibernate.Version.logVersion HHH000412: Hibernate Core {5.3.36.Final}
18-Dec-2024 20:58:14.168 INFO [main] org.hibernate.cfg.Environment.<clinit> HHH000206: hibernate.properties not found
18-Dec-2024 20:58:14.955 INFO [main] org.hibernate.annotations.common.reflection.java.JavaReflectionManager.<clinit> HCANN000001: Hibernate Commons Annotations {5.0.5.Final}
18-Dec-2024 20:58:16.805 INFO [main] org.hibernate.dialect.Dialect.<init> HHH000400: Using dialect: org.hibernate.dialect.MySQL8Dialect
18-Dec-2024 20:58:19.284 INFO [main] org.apache.catalina.startup.HostConfig.deployDescriptor Deployment of deployment descriptor [C:\Users\HP\Desktop\MEGHAM\Xworkz_CommonModule_Megha\conf\Catalina\localhost\Xworkz_CommonModule_Megha.xml] has finished in [12,985] ms
18-Dec-2024 20:58:19.289 INFO [main] org.apache.coyote.AbstractProtocol.start Starting ProtocolHandler ["http-nio-8080"]
18-Dec-2024 20:58:19.302 INFO [main] org.apache.catalina.startup.Catalina.start Server startup in [13056] milliseconds
18-Dec-2024 20:58:28.982 INFO [http-nio-8080-exec-1] org.hibernate.jpa.internal.util.LogHelper.logPersistenceUnitInformation HHH000204: Processing PersistenceUnitInfo [
	name: default
	...]
18-Dec-2024 20:58:29.032 INFO [http-nio-8080-exec-1] org.hibernate.dialect.Dialect.<init> HHH000400: Using dialect: org.hibernate.dialect.MySQL8Dialect
18-Dec-2024 20:59:54.917 INFO [Thread-4] org.apache.coyote.AbstractProtocol.pause Pausing ProtocolHandler ["http-nio-8080"]
18-Dec-2024 20:59:55.166 INFO [Thread-4] org.apache.catalina.core.StandardService.stopInternal Stopping service [Catalina]
18-Dec-2024 20:59:55.176 WARNING [Thread-4] org.apache.catalina.loader.WebappClassLoaderBase.clearReferencesJdbc The web application [Xworkz_CommonModule_Megha] registered the JDBC driver [com.mysql.cj.jdbc.Driver] but failed to unregister it when the web application was stopped. To prevent a memory leak, the JDBC Driver has been forcibly unregistered.
18-Dec-2024 20:59:55.177 WARNING [Thread-4] org.apache.catalina.loader.WebappClassLoaderBase.clearReferencesThreads The web application [Xworkz_CommonModule_Megha] appears to have started a thread named [mysql-cj-abandoned-connection-cleanup] but has failed to stop it. This is very likely to create a memory leak. Stack trace of thread:
 java.lang.Object.wait(Native Method)
 java.lang.ref.ReferenceQueue.remove(ReferenceQueue.java:144)
 com.mysql.cj.jdbc.AbandonedConnectionCleanupThread.run(AbandonedConnectionCleanupThread.java:93)
 java.util.concurrent.ThreadPoolExecutor.runWorker(ThreadPoolExecutor.java:1149)
 java.util.concurrent.ThreadPoolExecutor$Worker.run(ThreadPoolExecutor.java:624)
 java.lang.Thread.run(Thread.java:748)
18-Dec-2024 20:59:55.185 INFO [Thread-4] org.apache.coyote.AbstractProtocol.stop Stopping ProtocolHandler ["http-nio-8080"]
18-Dec-2024 20:59:55.223 INFO [Thread-4] org.apache.coyote.AbstractProtocol.destroy Destroying ProtocolHandler ["http-nio-8080"]
18-Dec-2024 21:00:02.114 INFO [main] org.apache.catalina.startup.VersionLoggerListener.log Server version name:   Apache Tomcat/9.0.38
18-Dec-2024 21:00:02.118 INFO [main] org.apache.catalina.startup.VersionLoggerListener.log Server built:          Sep 10 2020 08:20:30 UTC
18-Dec-2024 21:00:02.118 INFO [main] org.apache.catalina.startup.VersionLoggerListener.log Server version number: 9.0.38.0
18-Dec-2024 21:00:02.118 INFO [main] org.apache.catalina.startup.VersionLoggerListener.log OS Name:               Windows 10
18-Dec-2024 21:00:02.118 INFO [main] org.apache.catalina.startup.VersionLoggerListener.log OS Version:            10.0
18-Dec-2024 21:00:02.118 INFO [main] org.apache.catalina.startup.VersionLoggerListener.log Architecture:          amd64
18-Dec-2024 21:00:02.119 INFO [main] org.apache.catalina.startup.VersionLoggerListener.log Java Home:             C:\Program Files\Java\jdk1.8.0_261\jre
18-Dec-2024 21:00:02.119 INFO [main] org.apache.catalina.startup.VersionLoggerListener.log JVM Version:           1.8.0_261-b12
18-Dec-2024 21:00:02.119 INFO [main] org.apache.catalina.startup.VersionLoggerListener.log JVM Vendor:            Oracle Corporation
18-Dec-2024 21:00:02.119 INFO [main] org.apache.catalina.startup.VersionLoggerListener.log CATALINA_BASE:         C:\Users\HP\Desktop\MEGHAM\Xworkz_CommonModule_Megha
18-Dec-2024 21:00:02.119 INFO [main] org.apache.catalina.startup.VersionLoggerListener.log CATALINA_HOME:         C:\Users\HP\Downloads\tomcat\apache-tomcat-9.0.38
18-Dec-2024 21:00:02.121 INFO [main] org.apache.catalina.startup.VersionLoggerListener.log Command line argument: -Dcatalina.home=C:\Users\HP\Downloads\tomcat\apache-tomcat-9.0.38
18-Dec-2024 21:00:02.121 INFO [main] org.apache.catalina.startup.VersionLoggerListener.log Command line argument: -Dcatalina.base=C:\Users\HP\Desktop\MEGHAM\Xworkz_CommonModule_Megha
18-Dec-2024 21:00:02.121 INFO [main] org.apache.catalina.startup.VersionLoggerListener.log Command line argument: -Djava.io.tmpdir=C:\Users\HP\Desktop\MEGHAM\Xworkz_CommonModule_Megha\temp
18-Dec-2024 21:00:02.121 INFO [main] org.apache.catalina.startup.VersionLoggerListener.log Command line argument: -Djava.util.logging.config.file=C:\Users\HP\Desktop\MEGHAM\Xworkz_CommonModule_Megha\conf\logging.properties
18-Dec-2024 21:00:02.123 INFO [main] org.apache.catalina.startup.VersionLoggerListener.log Command line argument: -Djava.util.logging.manager=org.apache.juli.ClassLoaderLogManager
18-Dec-2024 21:00:02.123 INFO [main] org.apache.catalina.startup.VersionLoggerListener.log Command line argument: -javaagent:C:\Program Files\JetBrains\IntelliJ IDEA Community Edition 2024.3\lib\idea_rt.jar=58673:C:\Program Files\JetBrains\IntelliJ IDEA Community Edition 2024.3\bin
18-Dec-2024 21:00:02.123 INFO [main] org.apache.catalina.startup.VersionLoggerListener.log Command line argument: -Dfile.encoding=UTF-8
18-Dec-2024 21:00:02.127 INFO [main] org.apache.catalina.core.AprLifecycleListener.lifecycleEvent Loaded Apache Tomcat Native library [1.2.25] using APR version [1.7.0].
18-Dec-2024 21:00:02.127 INFO [main] org.apache.catalina.core.AprLifecycleListener.lifecycleEvent APR capabilities: IPv6 [true], sendfile [true], accept filters [false], random [true].
18-Dec-2024 21:00:02.127 INFO [main] org.apache.catalina.core.AprLifecycleListener.lifecycleEvent APR/OpenSSL configuration: useAprConnector [false], useOpenSSL [true]
18-Dec-2024 21:00:02.134 INFO [main] org.apache.catalina.core.AprLifecycleListener.initializeSSL OpenSSL successfully initialized [OpenSSL 1.1.1g  21 Apr 2020]
18-Dec-2024 21:00:03.072 INFO [main] org.apache.coyote.AbstractProtocol.init Initializing ProtocolHandler ["http-nio-8080"]
18-Dec-2024 21:00:03.517 INFO [main] org.apache.catalina.startup.Catalina.load Server initialization in [1747] milliseconds
18-Dec-2024 21:00:03.551 INFO [main] org.apache.catalina.core.StandardService.startInternal Starting service [Catalina]
18-Dec-2024 21:00:03.552 INFO [main] org.apache.catalina.core.StandardEngine.startInternal Starting Servlet engine: [Apache Tomcat/9.0.38]
18-Dec-2024 21:00:03.565 INFO [main] org.apache.catalina.startup.HostConfig.deployDescriptor Deploying deployment descriptor [C:\Users\HP\Desktop\MEGHAM\Xworkz_CommonModule_Megha\conf\Catalina\localhost\Xworkz_CommonModule_Megha.xml]
18-Dec-2024 21:00:08.823 INFO [main] org.apache.jasper.servlet.TldScanner.scanJars At least one JAR was scanned for TLDs yet contained no TLDs. Enable debug logging for this logger for a complete list of JARs that were scanned but no TLDs were found in them. Skipping unneeded JARs during scanning can improve startup time and JSP compilation time.
18-Dec-2024 21:00:11.248 INFO [main] org.hibernate.jpa.internal.util.LogHelper.logPersistenceUnitInformation HHH000204: Processing PersistenceUnitInfo [
	name: default
	...]
18-Dec-2024 21:00:11.683 INFO [main] org.hibernate.Version.logVersion HHH000412: Hibernate Core {5.3.36.Final}
18-Dec-2024 21:00:11.687 INFO [main] org.hibernate.cfg.Environment.<clinit> HHH000206: hibernate.properties not found
18-Dec-2024 21:00:12.644 INFO [main] org.hibernate.annotations.common.reflection.java.JavaReflectionManager.<clinit> HCANN000001: Hibernate Commons Annotations {5.0.5.Final}
18-Dec-2024 21:00:14.801 INFO [main] org.hibernate.dialect.Dialect.<init> HHH000400: Using dialect: org.hibernate.dialect.MySQL8Dialect
18-Dec-2024 21:00:21.424 INFO [main] org.apache.catalina.startup.HostConfig.deployDescriptor Deployment of deployment descriptor [C:\Users\HP\Desktop\MEGHAM\Xworkz_CommonModule_Megha\conf\Catalina\localhost\Xworkz_CommonModule_Megha.xml] has finished in [17,857] ms
18-Dec-2024 21:00:21.431 INFO [main] org.apache.coyote.AbstractProtocol.start Starting ProtocolHandler ["http-nio-8080"]
18-Dec-2024 21:00:21.447 INFO [main] org.apache.catalina.startup.Catalina.start Server startup in [17932] milliseconds
18-Dec-2024 21:08:00.660 INFO [Thread-4] org.apache.coyote.AbstractProtocol.pause Pausing ProtocolHandler ["http-nio-8080"]
18-Dec-2024 21:08:00.935 INFO [Thread-4] org.apache.catalina.core.StandardService.stopInternal Stopping service [Catalina]
18-Dec-2024 21:08:00.960 WARNING [Thread-4] org.apache.catalina.loader.WebappClassLoaderBase.clearReferencesJdbc The web application [Xworkz_CommonModule_Megha] registered the JDBC driver [com.mysql.cj.jdbc.Driver] but failed to unregister it when the web application was stopped. To prevent a memory leak, the JDBC Driver has been forcibly unregistered.
18-Dec-2024 21:08:00.962 WARNING [Thread-4] org.apache.catalina.loader.WebappClassLoaderBase.clearReferencesThreads The web application [Xworkz_CommonModule_Megha] appears to have started a thread named [mysql-cj-abandoned-connection-cleanup] but has failed to stop it. This is very likely to create a memory leak. Stack trace of thread:
 java.lang.Object.wait(Native Method)
 java.lang.ref.ReferenceQueue.remove(ReferenceQueue.java:144)
 com.mysql.cj.jdbc.AbandonedConnectionCleanupThread.run(AbandonedConnectionCleanupThread.java:93)
 java.util.concurrent.ThreadPoolExecutor.runWorker(ThreadPoolExecutor.java:1149)
 java.util.concurrent.ThreadPoolExecutor$Worker.run(ThreadPoolExecutor.java:624)
 java.lang.Thread.run(Thread.java:748)
18-Dec-2024 21:08:00.967 INFO [Thread-4] org.apache.coyote.AbstractProtocol.stop Stopping ProtocolHandler ["http-nio-8080"]
18-Dec-2024 21:08:00.984 INFO [Thread-4] org.apache.coyote.AbstractProtocol.destroy Destroying ProtocolHandler ["http-nio-8080"]
18-Dec-2024 21:08:03.524 INFO [main] org.apache.catalina.startup.VersionLoggerListener.log Server version name:   Apache Tomcat/9.0.38
18-Dec-2024 21:08:03.527 INFO [main] org.apache.catalina.startup.VersionLoggerListener.log Server built:          Sep 10 2020 08:20:30 UTC
18-Dec-2024 21:08:03.527 INFO [main] org.apache.catalina.startup.VersionLoggerListener.log Server version number: 9.0.38.0
18-Dec-2024 21:08:03.527 INFO [main] org.apache.catalina.startup.VersionLoggerListener.log OS Name:               Windows 10
18-Dec-2024 21:08:03.527 INFO [main] org.apache.catalina.startup.VersionLoggerListener.log OS Version:            10.0
18-Dec-2024 21:08:03.527 INFO [main] org.apache.catalina.startup.VersionLoggerListener.log Architecture:          amd64
18-Dec-2024 21:08:03.528 INFO [main] org.apache.catalina.startup.VersionLoggerListener.log Java Home:             C:\Program Files\Java\jdk1.8.0_261\jre
18-Dec-2024 21:08:03.528 INFO [main] org.apache.catalina.startup.VersionLoggerListener.log JVM Version:           1.8.0_261-b12
18-Dec-2024 21:08:03.528 INFO [main] org.apache.catalina.startup.VersionLoggerListener.log JVM Vendor:            Oracle Corporation
18-Dec-2024 21:08:03.528 INFO [main] org.apache.catalina.startup.VersionLoggerListener.log CATALINA_BASE:         C:\Users\HP\Desktop\MEGHAM\Xworkz_CommonModule_Megha
18-Dec-2024 21:08:03.528 INFO [main] org.apache.catalina.startup.VersionLoggerListener.log CATALINA_HOME:         C:\Users\HP\Downloads\tomcat\apache-tomcat-9.0.38
18-Dec-2024 21:08:03.531 INFO [main] org.apache.catalina.startup.VersionLoggerListener.log Command line argument: -Dcatalina.home=C:\Users\HP\Downloads\tomcat\apache-tomcat-9.0.38
18-Dec-2024 21:08:03.531 INFO [main] org.apache.catalina.startup.VersionLoggerListener.log Command line argument: -Dcatalina.base=C:\Users\HP\Desktop\MEGHAM\Xworkz_CommonModule_Megha
18-Dec-2024 21:08:03.531 INFO [main] org.apache.catalina.startup.VersionLoggerListener.log Command line argument: -Djava.io.tmpdir=C:\Users\HP\Desktop\MEGHAM\Xworkz_CommonModule_Megha\temp
18-Dec-2024 21:08:03.531 INFO [main] org.apache.catalina.startup.VersionLoggerListener.log Command line argument: -Djava.util.logging.config.file=C:\Users\HP\Desktop\MEGHAM\Xworkz_CommonModule_Megha\conf\logging.properties
18-Dec-2024 21:08:03.531 INFO [main] org.apache.catalina.startup.VersionLoggerListener.log Command line argument: -Djava.util.logging.manager=org.apache.juli.ClassLoaderLogManager
18-Dec-2024 21:08:03.531 INFO [main] org.apache.catalina.startup.VersionLoggerListener.log Command line argument: -javaagent:C:\Program Files\JetBrains\IntelliJ IDEA Community Edition 2024.3\lib\idea_rt.jar=58758:C:\Program Files\JetBrains\IntelliJ IDEA Community Edition 2024.3\bin
18-Dec-2024 21:08:03.532 INFO [main] org.apache.catalina.startup.VersionLoggerListener.log Command line argument: -Dfile.encoding=UTF-8
18-Dec-2024 21:08:03.535 INFO [main] org.apache.catalina.core.AprLifecycleListener.lifecycleEvent Loaded Apache Tomcat Native library [1.2.25] using APR version [1.7.0].
18-Dec-2024 21:08:03.535 INFO [main] org.apache.catalina.core.AprLifecycleListener.lifecycleEvent APR capabilities: IPv6 [true], sendfile [true], accept filters [false], random [true].
18-Dec-2024 21:08:03.535 INFO [main] org.apache.catalina.core.AprLifecycleListener.lifecycleEvent APR/OpenSSL configuration: useAprConnector [false], useOpenSSL [true]
18-Dec-2024 21:08:03.543 INFO [main] org.apache.catalina.core.AprLifecycleListener.initializeSSL OpenSSL successfully initialized [OpenSSL 1.1.1g  21 Apr 2020]
18-Dec-2024 21:08:04.101 INFO [main] org.apache.coyote.AbstractProtocol.init Initializing ProtocolHandler ["http-nio-8080"]
18-Dec-2024 21:08:04.502 INFO [main] org.apache.catalina.startup.Catalina.load Server initialization in [1312] milliseconds
18-Dec-2024 21:08:04.538 INFO [main] org.apache.catalina.core.StandardService.startInternal Starting service [Catalina]
18-Dec-2024 21:08:04.538 INFO [main] org.apache.catalina.core.StandardEngine.startInternal Starting Servlet engine: [Apache Tomcat/9.0.38]
18-Dec-2024 21:08:04.554 INFO [main] org.apache.catalina.startup.HostConfig.deployDescriptor Deploying deployment descriptor [C:\Users\HP\Desktop\MEGHAM\Xworkz_CommonModule_Megha\conf\Catalina\localhost\Xworkz_CommonModule_Megha.xml]
18-Dec-2024 21:08:10.190 INFO [main] org.apache.jasper.servlet.TldScanner.scanJars At least one JAR was scanned for TLDs yet contained no TLDs. Enable debug logging for this logger for a complete list of JARs that were scanned but no TLDs were found in them. Skipping unneeded JARs during scanning can improve startup time and JSP compilation time.
18-Dec-2024 21:08:12.313 INFO [main] org.hibernate.jpa.internal.util.LogHelper.logPersistenceUnitInformation HHH000204: Processing PersistenceUnitInfo [
	name: default
	...]
18-Dec-2024 21:08:12.689 INFO [main] org.hibernate.Version.logVersion HHH000412: Hibernate Core {5.3.36.Final}
18-Dec-2024 21:08:12.693 INFO [main] org.hibernate.cfg.Environment.<clinit> HHH000206: hibernate.properties not found
18-Dec-2024 21:08:13.458 INFO [main] org.hibernate.annotations.common.reflection.java.JavaReflectionManager.<clinit> HCANN000001: Hibernate Commons Annotations {5.0.5.Final}
18-Dec-2024 21:08:15.496 INFO [main] org.hibernate.dialect.Dialect.<init> HHH000400: Using dialect: org.hibernate.dialect.MySQL8Dialect
18-Dec-2024 21:08:18.833 INFO [main] org.apache.catalina.startup.HostConfig.deployDescriptor Deployment of deployment descriptor [C:\Users\HP\Desktop\MEGHAM\Xworkz_CommonModule_Megha\conf\Catalina\localhost\Xworkz_CommonModule_Megha.xml] has finished in [14,279] ms
18-Dec-2024 21:08:18.837 INFO [main] org.apache.coyote.AbstractProtocol.start Starting ProtocolHandler ["http-nio-8080"]
18-Dec-2024 21:08:18.845 INFO [main] org.apache.catalina.startup.Catalina.start Server startup in [14343] milliseconds
18-Dec-2024 21:10:05.678 INFO [Thread-4] org.apache.coyote.AbstractProtocol.pause Pausing ProtocolHandler ["http-nio-8080"]
18-Dec-2024 21:10:05.936 INFO [Thread-4] org.apache.catalina.core.StandardService.stopInternal Stopping service [Catalina]
18-Dec-2024 21:10:05.951 WARNING [Thread-4] org.apache.catalina.loader.WebappClassLoaderBase.clearReferencesJdbc The web application [Xworkz_CommonModule_Megha] registered the JDBC driver [com.mysql.cj.jdbc.Driver] but failed to unregister it when the web application was stopped. To prevent a memory leak, the JDBC Driver has been forcibly unregistered.
18-Dec-2024 21:10:05.952 WARNING [Thread-4] org.apache.catalina.loader.WebappClassLoaderBase.clearReferencesThreads The web application [Xworkz_CommonModule_Megha] appears to have started a thread named [mysql-cj-abandoned-connection-cleanup] but has failed to stop it. This is very likely to create a memory leak. Stack trace of thread:
 java.lang.Object.wait(Native Method)
 java.lang.ref.ReferenceQueue.remove(ReferenceQueue.java:144)
 com.mysql.cj.jdbc.AbandonedConnectionCleanupThread.run(AbandonedConnectionCleanupThread.java:93)
 java.util.concurrent.ThreadPoolExecutor.runWorker(ThreadPoolExecutor.java:1149)
 java.util.concurrent.ThreadPoolExecutor$Worker.run(ThreadPoolExecutor.java:624)
 java.lang.Thread.run(Thread.java:748)
18-Dec-2024 21:10:05.958 INFO [Thread-4] org.apache.coyote.AbstractProtocol.stop Stopping ProtocolHandler ["http-nio-8080"]
18-Dec-2024 21:10:05.994 INFO [Thread-4] org.apache.coyote.AbstractProtocol.destroy Destroying ProtocolHandler ["http-nio-8080"]
18-Dec-2024 21:10:08.911 INFO [main] org.apache.catalina.startup.VersionLoggerListener.log Server version name:   Apache Tomcat/9.0.38
18-Dec-2024 21:10:08.913 INFO [main] org.apache.catalina.startup.VersionLoggerListener.log Server built:          Sep 10 2020 08:20:30 UTC
18-Dec-2024 21:10:08.914 INFO [main] org.apache.catalina.startup.VersionLoggerListener.log Server version number: 9.0.38.0
18-Dec-2024 21:10:08.914 INFO [main] org.apache.catalina.startup.VersionLoggerListener.log OS Name:               Windows 10
18-Dec-2024 21:10:08.914 INFO [main] org.apache.catalina.startup.VersionLoggerListener.log OS Version:            10.0
18-Dec-2024 21:10:08.914 INFO [main] org.apache.catalina.startup.VersionLoggerListener.log Architecture:          amd64
18-Dec-2024 21:10:08.914 INFO [main] org.apache.catalina.startup.VersionLoggerListener.log Java Home:             C:\Program Files\Java\jdk1.8.0_261\jre
18-Dec-2024 21:10:08.914 INFO [main] org.apache.catalina.startup.VersionLoggerListener.log JVM Version:           1.8.0_261-b12
18-Dec-2024 21:10:08.914 INFO [main] org.apache.catalina.startup.VersionLoggerListener.log JVM Vendor:            Oracle Corporation
18-Dec-2024 21:10:08.914 INFO [main] org.apache.catalina.startup.VersionLoggerListener.log CATALINA_BASE:         C:\Users\HP\Desktop\MEGHAM\Xworkz_CommonModule_Megha
18-Dec-2024 21:10:08.915 INFO [main] org.apache.catalina.startup.VersionLoggerListener.log CATALINA_HOME:         C:\Users\HP\Downloads\tomcat\apache-tomcat-9.0.38
18-Dec-2024 21:10:08.917 INFO [main] org.apache.catalina.startup.VersionLoggerListener.log Command line argument: -Dcatalina.home=C:\Users\HP\Downloads\tomcat\apache-tomcat-9.0.38
18-Dec-2024 21:10:08.917 INFO [main] org.apache.catalina.startup.VersionLoggerListener.log Command line argument: -Dcatalina.base=C:\Users\HP\Desktop\MEGHAM\Xworkz_CommonModule_Megha
18-Dec-2024 21:10:08.917 INFO [main] org.apache.catalina.startup.VersionLoggerListener.log Command line argument: -Djava.io.tmpdir=C:\Users\HP\Desktop\MEGHAM\Xworkz_CommonModule_Megha\temp
18-Dec-2024 21:10:08.917 INFO [main] org.apache.catalina.startup.VersionLoggerListener.log Command line argument: -Djava.util.logging.config.file=C:\Users\HP\Desktop\MEGHAM\Xworkz_CommonModule_Megha\conf\logging.properties
18-Dec-2024 21:10:08.917 INFO [main] org.apache.catalina.startup.VersionLoggerListener.log Command line argument: -Djava.util.logging.manager=org.apache.juli.ClassLoaderLogManager
18-Dec-2024 21:10:08.918 INFO [main] org.apache.catalina.startup.VersionLoggerListener.log Command line argument: -javaagent:C:\Program Files\JetBrains\IntelliJ IDEA Community Edition 2024.3\lib\idea_rt.jar=58782:C:\Program Files\JetBrains\IntelliJ IDEA Community Edition 2024.3\bin
18-Dec-2024 21:10:08.918 INFO [main] org.apache.catalina.startup.VersionLoggerListener.log Command line argument: -Dfile.encoding=UTF-8
18-Dec-2024 21:10:08.922 INFO [main] org.apache.catalina.core.AprLifecycleListener.lifecycleEvent Loaded Apache Tomcat Native library [1.2.25] using APR version [1.7.0].
18-Dec-2024 21:10:08.922 INFO [main] org.apache.catalina.core.AprLifecycleListener.lifecycleEvent APR capabilities: IPv6 [true], sendfile [true], accept filters [false], random [true].
18-Dec-2024 21:10:08.922 INFO [main] org.apache.catalina.core.AprLifecycleListener.lifecycleEvent APR/OpenSSL configuration: useAprConnector [false], useOpenSSL [true]
18-Dec-2024 21:10:08.928 INFO [main] org.apache.catalina.core.AprLifecycleListener.initializeSSL OpenSSL successfully initialized [OpenSSL 1.1.1g  21 Apr 2020]
18-Dec-2024 21:10:09.502 INFO [main] org.apache.coyote.AbstractProtocol.init Initializing ProtocolHandler ["http-nio-8080"]
18-Dec-2024 21:10:09.905 INFO [main] org.apache.catalina.startup.Catalina.load Server initialization in [1385] milliseconds
18-Dec-2024 21:10:09.942 INFO [main] org.apache.catalina.core.StandardService.startInternal Starting service [Catalina]
18-Dec-2024 21:10:09.942 INFO [main] org.apache.catalina.core.StandardEngine.startInternal Starting Servlet engine: [Apache Tomcat/9.0.38]
18-Dec-2024 21:10:09.957 INFO [main] org.apache.catalina.startup.HostConfig.deployDescriptor Deploying deployment descriptor [C:\Users\HP\Desktop\MEGHAM\Xworkz_CommonModule_Megha\conf\Catalina\localhost\Xworkz_CommonModule_Megha.xml]
18-Dec-2024 21:10:15.935 INFO [main] org.apache.jasper.servlet.TldScanner.scanJars At least one JAR was scanned for TLDs yet contained no TLDs. Enable debug logging for this logger for a complete list of JARs that were scanned but no TLDs were found in them. Skipping unneeded JARs during scanning can improve startup time and JSP compilation time.
18-Dec-2024 21:10:18.088 INFO [main] org.hibernate.jpa.internal.util.LogHelper.logPersistenceUnitInformation HHH000204: Processing PersistenceUnitInfo [
	name: default
	...]
18-Dec-2024 21:10:18.542 INFO [main] org.hibernate.Version.logVersion HHH000412: Hibernate Core {5.3.36.Final}
18-Dec-2024 21:10:18.548 INFO [main] org.hibernate.cfg.Environment.<clinit> HHH000206: hibernate.properties not found
18-Dec-2024 21:10:19.378 INFO [main] org.hibernate.annotations.common.reflection.java.JavaReflectionManager.<clinit> HCANN000001: Hibernate Commons Annotations {5.0.5.Final}
18-Dec-2024 21:10:21.716 INFO [main] org.hibernate.dialect.Dialect.<init> HHH000400: Using dialect: org.hibernate.dialect.MySQL8Dialect
18-Dec-2024 21:10:25.437 INFO [main] org.apache.catalina.startup.HostConfig.deployDescriptor Deployment of deployment descriptor [C:\Users\HP\Desktop\MEGHAM\Xworkz_CommonModule_Megha\conf\Catalina\localhost\Xworkz_CommonModule_Megha.xml] has finished in [15,479] ms
18-Dec-2024 21:10:25.441 INFO [main] org.apache.coyote.AbstractProtocol.start Starting ProtocolHandler ["http-nio-8080"]
18-Dec-2024 21:10:25.456 INFO [main] org.apache.catalina.startup.Catalina.start Server startup in [15549] milliseconds
